/Applications/CLion.app/Contents/bin/cmake/mac/bin/cmake -DCMAKE_BUILD_TYPE=Debug -G "CodeBlocks - Unix Makefiles" -S /Users/amefodev/work/SuperFGD/SFGD_Unpacking -B /Users/amefodev/work/SuperFGD/SFGD_Unpacking/cmake-build-debug
CMake Deprecation Warning at CMakeLists.txt:2 (cmake_minimum_required):
  Compatibility with CMake < 2.8.12 will be removed from a future version of
  CMake.

  Update the VERSION argument <min> value or use a ...<max> suffix to tell
  CMake that the project does not need compatibility with older versions.


CMake Warning at /Applications/CLion.app/Contents/bin/cmake/mac/share/cmake-3.22/Modules/Platform/Darwin-Initialize.cmake:303 (message):
  Ignoring CMAKE_OSX_SYSROOT value:

   /Applications/Xcode.app/Contents/Developer/Platforms/MacOSX.platform/Developer/SDKs/MacOSX11.1.sdk

  because the directory does not exist.
Call Stack (most recent call first):
  /Applications/CLion.app/Contents/bin/cmake/mac/share/cmake-3.22/Modules/CMakeSystemSpecificInitialize.cmake:21 (include)
  CMakeLists.txt:5 (project)


-- The C compiler identification is AppleClang 13.1.6.13160021
-- The CXX compiler identification is AppleClang 13.1.6.13160021
-- Detecting C compiler ABI info
-- Detecting C compiler ABI info - failed
-- Check for working C compiler: /Applications/Xcode.app/Contents/Developer/Toolchains/XcodeDefault.xctoolchain/usr/bin/cc
-- Check for working C compiler: /Applications/Xcode.app/Contents/Developer/Toolchains/XcodeDefault.xctoolchain/usr/bin/cc - broken
CMake Error at /Applications/CLion.app/Contents/bin/cmake/mac/share/cmake-3.22/Modules/CMakeTestCCompiler.cmake:69 (message):
  The C compiler

    "/Applications/Xcode.app/Contents/Developer/Toolchains/XcodeDefault.xctoolchain/usr/bin/cc"

  is not able to compile a simple test program.

  It fails with the following output:

    Change Dir: /Users/amefodev/work/SuperFGD/SFGD_Unpacking/cmake-build-debug/CMakeFiles/CMakeTmp
    
    Run Build Command(s):/usr/bin/make -f Makefile cmTC_4fdc7/fast && /Library/Developer/CommandLineTools/usr/bin/make  -f CMakeFiles/cmTC_4fdc7.dir/build.make CMakeFiles/cmTC_4fdc7.dir/build
    Building C object CMakeFiles/cmTC_4fdc7.dir/testCCompiler.c.o
    /Applications/Xcode.app/Contents/Developer/Toolchains/XcodeDefault.xctoolchain/usr/bin/cc   -mmacosx-version-min=10.15 -MD -MT CMakeFiles/cmTC_4fdc7.dir/testCCompiler.c.o -MF CMakeFiles/cmTC_4fdc7.dir/testCCompiler.c.o.d -o CMakeFiles/cmTC_4fdc7.dir/testCCompiler.c.o -c /Users/amefodev/work/SuperFGD/SFGD_Unpacking/cmake-build-debug/CMakeFiles/CMakeTmp/testCCompiler.c
    Linking C executable cmTC_4fdc7
    /Applications/CLion.app/Contents/bin/cmake/mac/bin/cmake -E cmake_link_script CMakeFiles/cmTC_4fdc7.dir/link.txt --verbose=1
    /Applications/Xcode.app/Contents/Developer/Toolchains/XcodeDefault.xctoolchain/usr/bin/cc  -mmacosx-version-min=10.15 -Wl,-search_paths_first -Wl,-headerpad_max_install_names CMakeFiles/cmTC_4fdc7.dir/testCCompiler.c.o -o cmTC_4fdc7 
    ld: library not found for -lSystem
    clang: error: linker command failed with exit code 1 (use -v to see invocation)
    make[1]: *** [cmTC_4fdc7] Error 1
    make: *** [cmTC_4fdc7/fast] Error 2
    
    

  

  CMake will not be able to correctly generate this project.
Call Stack (most recent call first):
  CMakeLists.txt:5 (project)


-- Configuring incomplete, errors occurred!
See also "/Users/amefodev/work/SuperFGD/SFGD_Unpacking/cmake-build-debug/CMakeFiles/CMakeOutput.log".
See also "/Users/amefodev/work/SuperFGD/SFGD_Unpacking/cmake-build-debug/CMakeFiles/CMakeError.log".
